<?xml version="1.0" encoding="UTF-8"?>
<!-- Generated by org.testng.reporters.JUnitXMLReporter -->
<testsuite ignored="0" hostname="DESKTOP-55TGAJ2" failures="0" tests="5" name="LoginTest on chrome" time="78.113" errors="0" timestamp="23 May 2021 16:06:33 GMT">
  <testcase classname="testcases.VerifyLoginFunctionality" name="VerifyLoginErrorMessage_01" time="4.655"/>
  <testcase classname="testcases.VerifyLoginFunctionality" name="VerifyLoginToSalseForce_02" time="6.285"/>
  <testcase classname="testcases.VerifyLoginFunctionality" name="VerifyCheckRememberMe_03" time="9.999"/>
  <testcase classname="testcases.VerifyLoginFunctionality" name="VerifyForgotPassword_04A" time="33.561"/>
  <testcase classname="testcases.VerifyLoginFunctionality" name="VerifyForgotPassword_04B" time="3.811"/>
</testsuite> <!-- LoginTest on chrome -->
