<?xml version="1.0" encoding="UTF-8"?>
<!-- Generated by org.testng.reporters.JUnitXMLReporter -->
<testsuite ignored="0" hostname="DESKTOP-55TGAJ2" failures="0" tests="2" name="LoginTest" time="22.005" errors="0" timestamp="22 May 2021 06:26:40 GMT">
  <testcase classname="testcases.VerifyLoginFunctionality" name="VerifyLoginErrorMessage_01" time="4.098"/>
  <testcase classname="testcases.VerifyLoginFunctionality" name="VerifyLoginToSalseForce_02" time="7.376"/>
</testsuite> <!-- LoginTest -->
