<?xml version="1.0" encoding="UTF-8"?>
<!-- Generated by org.testng.reporters.JUnitXMLReporter -->
<testsuite ignored="0" hostname="DESKTOP-55TGAJ2" failures="1" tests="2" name="LoginTest on firefox" time="23.789" errors="0" timestamp="22 May 2021 06:56:14 GMT">
  <testcase classname="testcases.VerifyLoginFunctionality_2" name="VerifyLoginErrorMessage_01" time="6.17"/>
  <testcase classname="testcases.VerifyLoginFunctionality_2" name="VerifyLoginToSalseForce_02" time="8.807">
    <failure type="java.lang.AssertionError" message="The following asserts failed:
	expected [https://abccom359-dev-ed.my.salesforce.com/setup/forcecomHomepage.apexp?setupid=ForceCom] but found [https://abccom359-dev-ed--c.documentforce.com/secur/contentDoor?startURL=https%3A%2F%2Fabccom359-dev-ed.my.salesforce.com%2Fsetup%2FforcecomHomepage.apexp%3Fsetupid%3DForceCom&amp;amp;sid=00D5e000000J7Y4%21AQkAQO_85_GmcmsdB.mMcsc9yveRLx7PMeB492B.Rr5uxag6uQauf1osSgksbBKdWED3aB_4qYe5RehFHkmH3UGoqS20i1a6&amp;amp;skipRedirect=1&amp;amp;lm=eyJlbmMiOiJBMjU2R0NNIiwiYXVkIjoiMDBENWUwMDAwMDBKN1k0Iiwia2lkIjoie1widFwiOlwiMDBENWUwMDAwMDBKN1k0XCIsXCJ2XCI6XCIwMkc1ZTAwMDAwMFBuU2tcIixcImFcIjpcImNvbnRlbnRkb29ydXNlcnRyYW5zaWVudGtleWVuY3J5cHRcIixcInVcIjpcIjAwNTVlMDAwMDAwcVhzbVwifSIsImNyaXQiOlsiaWF0Il0sImlhdCI6MTYyMTY2NjU2ODcxNywiZXhwIjowfQ%3D%3D..UtVaYIsToidAKdhp.EOM46UPAr_0i3SiI4yNVzw%3D%3D.7ignpIgUr9NC3Z_-6D8a7g%3D%3D]">
      <![CDATA[java.lang.AssertionError: The following asserts failed:
	expected [https://abccom359-dev-ed.my.salesforce.com/setup/forcecomHomepage.apexp?setupid=ForceCom] but found [https://abccom359-dev-ed--c.documentforce.com/secur/contentDoor?startURL=https%3A%2F%2Fabccom359-dev-ed.my.salesforce.com%2Fsetup%2FforcecomHomepage.apexp%3Fsetupid%3DForceCom&sid=00D5e000000J7Y4%21AQkAQO_85_GmcmsdB.mMcsc9yveRLx7PMeB492B.Rr5uxag6uQauf1osSgksbBKdWED3aB_4qYe5RehFHkmH3UGoqS20i1a6&skipRedirect=1&lm=eyJlbmMiOiJBMjU2R0NNIiwiYXVkIjoiMDBENWUwMDAwMDBKN1k0Iiwia2lkIjoie1widFwiOlwiMDBENWUwMDAwMDBKN1k0XCIsXCJ2XCI6XCIwMkc1ZTAwMDAwMFBuU2tcIixcImFcIjpcImNvbnRlbnRkb29ydXNlcnRyYW5zaWVudGtleWVuY3J5cHRcIixcInVcIjpcIjAwNTVlMDAwMDAwcVhzbVwifSIsImNyaXQiOlsiaWF0Il0sImlhdCI6MTYyMTY2NjU2ODcxNywiZXhwIjowfQ%3D%3D..UtVaYIsToidAKdhp.EOM46UPAr_0i3SiI4yNVzw%3D%3D.7ignpIgUr9NC3Z_-6D8a7g%3D%3D]
	at testcases.VerifyLoginFunctionality_2.VerifyLoginToSalseForce_02(VerifyLoginFunctionality_2.java:120)
... Removed 26 stack frames]]>
    </failure>
  </testcase> <!-- VerifyLoginToSalseForce_02 -->
</testsuite> <!-- LoginTest on firefox -->
