<?xml version="1.0" encoding="UTF-8"?>
<!-- Generated by org.testng.reporters.JUnitXMLReporter -->
<testsuite ignored="0" hostname="DESKTOP-55TGAJ2" failures="0" tests="5" name="UserMenuTest on chrome" time="134.848" errors="0" timestamp="09 Aug 2021 00:27:44 GMT">
  <testcase classname="testcases.VerifyUserMenuDropdown_POM" name="TC05_HomePage" time="13.491"/>
  <testcase classname="testcases.VerifyUserMenuDropdown_POM" name="TC06_MyProfile" time="47.871"/>
  <testcase classname="testcases.VerifyUserMenuDropdown_POM" name="TC07_MySettings" time="22.619"/>
  <testcase classname="testcases.VerifyUserMenuDropdown_POM" name="TC08_DeveloperConsole" time="15.004"/>
  <testcase classname="testcases.VerifyUserMenuDropdown_POM" name="TC09_Logout" time="15.599"/>
</testsuite> <!-- UserMenuTest on chrome -->
